17:12:38.194 [main] INFO  TestCases.TC_001_AccountRegistration - TC_001_registrationTest started!!!
17:12:49.748 [main] INFO  TestCases.TC_001_AccountRegistration - Registration_clicked action done
17:12:50.013 [main] INFO  TestCases.TC_001_AccountRegistration - entering registration details
17:12:54.880 [main] INFO  TestCases.TC_001_AccountRegistration - TC_001_registrationTest started!!!
17:12:58.068 [main] INFO  TestCases.TC_001_AccountRegistration - Registration_clicked action done
17:12:58.070 [main] INFO  TestCases.TC_001_AccountRegistration - entering registration details
17:13:00.346 [main] INFO  TestCases.TC_001_AccountRegistration - clicked register
17:13:00.373 [main] INFO  TestCases.TC_001_AccountRegistration - clicked register
17:13:01.038 [main] INFO  TestCases.TC_001_AccountRegistration - Validating expected message..
17:13:01.038 [main] INFO  TestCases.TC_001_AccountRegistration - Validating expected message..
17:13:01.043 [main] INFO  TestCases.TC_001_AccountRegistration - validation completed
17:13:01.043 [main] INFO  TestCases.TC_001_AccountRegistration - TC_001_registrationTest completed!!!
17:13:01.043 [main] INFO  TestCases.TC_001_AccountRegistration - validation completed
17:13:01.043 [main] INFO  TestCases.TC_001_AccountRegistration - TC_001_registrationTest completed!!!
17:24:19.053 [main] INFO  TestCases.TC_001_AccountRegistration - TC_001_registrationTest started!!!
17:24:20.012 [main] INFO  TestCases.TC_001_AccountRegistration - Registration_clicked action done
17:24:20.108 [main] INFO  TestCases.TC_001_AccountRegistration - entering registration details
17:24:21.784 [main] INFO  TestCases.TC_001_AccountRegistration - clicked register
17:24:21.842 [main] INFO  TestCases.TC_001_AccountRegistration - Validating expected message..
17:24:21.844 [main] INFO  TestCases.TC_001_AccountRegistration - validation completed
17:24:21.844 [main] INFO  TestCases.TC_001_AccountRegistration - TC_001_registrationTest completed!!!
17:27:02.192 [main] INFO  TestCases.TC_001_AccountRegistration - TC_001_registrationTest started!!!
17:27:02.949 [main] INFO  TestCases.TC_001_AccountRegistration - Registration_clicked action done
17:27:02.951 [main] INFO  TestCases.TC_001_AccountRegistration - entering registration details
17:27:04.508 [main] INFO  TestCases.TC_001_AccountRegistration - clicked register
17:27:04.573 [main] INFO  TestCases.TC_001_AccountRegistration - Validating expected message..
17:35:49.105 [main] INFO  TestCases.TC_001_AccountRegistration - TC_001_registrationTest started!!!
17:35:51.822 [main] INFO  TestCases.TC_001_AccountRegistration - Registration_clicked action done
17:35:51.835 [main] INFO  TestCases.TC_001_AccountRegistration - entering registration details
17:35:54.996 [main] INFO  TestCases.TC_001_AccountRegistration - clicked register
17:35:55.069 [main] INFO  TestCases.TC_001_AccountRegistration - Validating expected message..
17:35:55.069 [main] ERROR TestCases.TC_001_AccountRegistration - TestCaseFailed!!
17:37:51.392 [main] INFO  TestCases.TC_001_AccountRegistration - TC_001_registrationTest started!!!
17:37:55.001 [main] INFO  TestCases.TC_001_AccountRegistration - Registration_clicked action done
17:37:55.004 [main] INFO  TestCases.TC_001_AccountRegistration - entering registration details
17:37:58.859 [main] INFO  TestCases.TC_001_AccountRegistration - clicked register
17:37:58.900 [main] INFO  TestCases.TC_001_AccountRegistration - Validating expected message..
17:37:58.902 [main] INFO  TestCases.TC_001_AccountRegistration - validation completed
17:37:58.902 [main] INFO  TestCases.TC_001_AccountRegistration - TC_001_registrationTest completed!!!
17:39:30.297 [main] INFO  TestCases.TC_001_AccountRegistration - TC_001_registrationTest started!!!
17:39:33.292 [main] INFO  TestCases.TC_001_AccountRegistration - Registration_clicked action done
17:39:33.295 [main] INFO  TestCases.TC_001_AccountRegistration - entering registration details
17:39:35.905 [main] INFO  TestCases.TC_001_AccountRegistration - clicked register
17:39:35.952 [main] INFO  TestCases.TC_001_AccountRegistration - Validating expected message..
17:39:35.952 [main] INFO  TestCases.TC_001_AccountRegistration - TestCase Passed!
17:39:35.954 [main] INFO  TestCases.TC_001_AccountRegistration - validation completed
17:39:35.954 [main] INFO  TestCases.TC_001_AccountRegistration - TC_001_registrationTest completed!!!
19:18:33.396 [main] INFO  TestCases.TC_001_AccountRegistration - TC_001_registrationTest started!!!
19:18:36.629 [main] INFO  TestCases.TC_001_AccountRegistration - Registration_clicked action done
19:18:36.721 [main] INFO  TestCases.TC_001_AccountRegistration - entering registration details
19:18:40.100 [main] INFO  TestCases.TC_001_AccountRegistration - clicked register
19:18:40.614 [main] INFO  TestCases.TC_001_AccountRegistration - Validating expected message..
19:18:40.615 [main] ERROR TestCases.TC_001_AccountRegistration - TestCaseFailed!!
19:51:56.913 [main] INFO  TestCases.TC_001_AccountRegistration - TC_001_registrationTest started!!!
